<?xml version="1.0" encoding="UTF-8"?>
<!-- Generated by org.testng.reporters.JUnitReportReporter -->
<testsuite hostname="Balaji" failures="0" tests="3" name="com.pwc.test.Demo1Test" time="18.645" errors="0" timestamp="2022-04-13T07:57:28 IST" skipped="0">
  <testcase classname="com.pwc.test.Demo1Test" name="validTest" time="4.741"/>
  <system-out/>
  <testcase classname="com.pwc.test.Demo1Test" name="validTest" time="1.091"/>
  <system-out/>
  <testcase classname="com.pwc.test.Demo1Test" name="validTest" time="12.813"/>
  <system-out/>
</testsuite> <!-- com.pwc.test.Demo1Test -->
