<?xml version="1.0" encoding="UTF-8"?>
<!-- Generated by org.testng.reporters.JUnitReportReporter -->
<testsuite hostname="Balaji" failures="0" tests="2" name="com.pwc.test.LoginTest" time="59.976" errors="0" timestamp="2022-04-13T14:25:03 IST" skipped="0">
  <testcase classname="com.pwc.test.LoginTest" name="invalidCredentialTest" time="41.564"/>
  <system-out/>
  <testcase classname="com.pwc.test.LoginTest" name="invalidCredentialTest" time="18.412"/>
  <system-out/>
</testsuite> <!-- com.pwc.test.LoginTest -->
