<?xml version="1.0" encoding="UTF-8"?>
<!-- Generated by org.testng.reporters.JUnitReportReporter -->
<testsuite hostname="Balaji" failures="0" tests="1" name="com.pwc.test.LoginUserInterfaceTest" time="10.296" errors="0" timestamp="2022-04-13T07:15:45 IST" skipped="0">
  <testcase classname="com.pwc.test.LoginUserInterfaceTest" name="validateTitleTest" time="10.296"/>
  <system-out/>
</testsuite> <!-- com.pwc.test.LoginUserInterfaceTest -->
