<?xml version="1.0" encoding="UTF-8"?>
<!-- Generated by org.testng.reporters.JUnitReportReporter -->
<testsuite hostname="Balaji" failures="0" tests="1" name="com.pwc.test.LoginUserInterfaceTest" time="58.441" errors="0" timestamp="2022-04-13T12:42:25 IST" skipped="0">
  <testcase classname="com.pwc.test.LoginUserInterfaceTest" name="validateTitleTest" time="58.441"/>
  <system-out/>
</testsuite> <!-- com.pwc.test.LoginUserInterfaceTest -->
