<?xml version="1.0" encoding="UTF-8"?>
<!-- Generated by org.testng.reporters.JUnitReportReporter -->
<testsuite hostname="Balaji" failures="0" tests="2" name="com.pwc.test.LoginTest" time="59.684" errors="0" timestamp="2022-04-13T12:23:53 IST" skipped="0">
  <testcase classname="com.pwc.test.LoginTest" name="invalidCredentialTest" time="27.270"/>
  <system-out/>
  <testcase classname="com.pwc.test.LoginTest" name="invalidCredentialTest" time="32.414"/>
  <system-out/>
</testsuite> <!-- com.pwc.test.LoginTest -->
