<?xml version="1.0" encoding="UTF-8"?>
<!-- Generated by org.testng.reporters.JUnitReportReporter -->
<testsuite hostname="Balaji" failures="0" tests="1" name="com.pwc.test.LoginTest" time="23.793" errors="0" timestamp="2022-04-13T07:15:08 IST" skipped="0">
  <testcase classname="com.pwc.test.LoginTest" name="invalidCredentialTest" time="23.793"/>
  <system-out/>
</testsuite> <!-- com.pwc.test.LoginTest -->
