<?xml version="1.0" encoding="UTF-8"?>
<!-- Generated by org.testng.reporters.JUnitReportReporter -->
<testsuite hostname="Balaji" failures="0" tests="2" name="com.pwc.test.LoginTest" time="51.951" errors="0" timestamp="2022-04-13T08:15:05 IST" skipped="0">
  <testcase classname="com.pwc.test.LoginTest" name="invalidCredentialTest" time="26.663"/>
  <system-out/>
  <testcase classname="com.pwc.test.LoginTest" name="invalidCredentialTest" time="25.288"/>
  <system-out/>
</testsuite> <!-- com.pwc.test.LoginTest -->
