<?xml version="1.0" encoding="UTF-8"?>
<!-- Generated by org.testng.reporters.JUnitReportReporter -->
<testsuite hostname="Balaji" failures="0" tests="2" name="com.pwc.test.LoginTest" time="53.745" errors="0" timestamp="2022-04-13T11:50:16 IST" skipped="0">
  <testcase classname="com.pwc.test.LoginTest" name="validCredentialTest" time="26.650"/>
  <system-out/>
  <testcase classname="com.pwc.test.LoginTest" name="validCredentialTest" time="27.095"/>
  <system-out/>
</testsuite> <!-- com.pwc.test.LoginTest -->
